<?xml version="1.0" encoding="UTF-8"?>
<!-- Generated by org.testng.reporters.JUnitReportReporter -->
<testsuite hostname="User-PC" failures="0" tests="1" name="TestScripts.SearchByAssignedTo" time="17.137" errors="0" timestamp="17 Apr 2021 15:38:31 GMT" skipped="0">
  <testcase classname="TestScripts.SearchByAssignedTo" name="searchByAssignedTo" time="17.137"/>
</testsuite> <!-- TestScripts.SearchByAssignedTo -->
