<?xml version="1.0" encoding="UTF-8"?>
<!-- Generated by org.testng.reporters.JUnitReportReporter -->
<testsuite hostname="User-PC" failures="0" tests="1" name="TestScripts.SearchByExpectedCloseDate" time="19.308" errors="0" timestamp="17 Apr 2021 15:35:22 GMT" skipped="0">
  <testcase classname="TestScripts.SearchByExpectedCloseDate" name="searchByExpectedCloseDate" time="19.308"/>
</testsuite> <!-- TestScripts.SearchByExpectedCloseDate -->
