<?xml version="1.0" encoding="UTF-8"?>
<!-- Generated by org.testng.reporters.JUnitReportReporter -->
<testsuite hostname="User-PC" failures="0" tests="1" name="TestScripts.SearchByCampaignStatus" time="20.372" errors="0" timestamp="17 Apr 2021 15:23:03 GMT" skipped="0">
  <testcase classname="TestScripts.SearchByCampaignStatus" name="searchByCampaignStatus" time="20.372"/>
</testsuite> <!-- TestScripts.SearchByCampaignStatus -->
