<?xml version="1.0" encoding="UTF-8"?>
<!-- Generated by org.testng.reporters.JUnitReportReporter -->
<testsuite hostname="User-PC" failures="0" tests="1" name="TestScripts.SearchByCampaignType" time="18.462" errors="0" timestamp="17 Apr 2021 15:16:06 GMT" skipped="0">
  <testcase classname="TestScripts.SearchByCampaignType" name="craetecontact" time="18.462"/>
</testsuite> <!-- TestScripts.SearchByCampaignType -->
