<?xml version="1.0" encoding="UTF-8"?>
<!-- Generated by org.testng.reporters.JUnitReportReporter -->
<testsuite hostname="User-PC" failures="0" tests="1" name="TestScripts.SearchByExpectedRevenue" time="36.075" errors="0" timestamp="18 Apr 2021 06:58:59 GMT" skipped="0">
  <testcase classname="TestScripts.SearchByExpectedRevenue" name="searchByExpectedRevenue" time="36.075"/>
</testsuite> <!-- TestScripts.SearchByExpectedRevenue -->
